2024-09-13, 20:41:47, 1, 1, i, os: Linux, 6.8.0-40-generic, x86_64, python: (3, 12, 5), uptime: 1 days, 3 hours
2024-09-13, 20:41:47, 2, 1, i, Run() vMonit
2024-09-13, 20:41:48, 3, 1, i, Add task Update
2024-09-13, 20:41:52, 4, 1, x, TTask.Run()
Traceback (most recent call last):
  File "/home/vladvons/Projects/py/py-vMonit/src/Task/Main.py", line 30, in Run
    await Plugin.Run()
  File "/home/vladvons/Projects/py/py-vMonit/src/Inc/PluginTask.py", line 75, in Run
    await asyncio.gather(*Tasks)
  File "/home/vladvons/Projects/py/py-vMonit/src/Task/Update/Main.py", line 141, in Run
    await xApp.Check()
  File "/home/vladvons/Projects/py/py-vMonit/src/Task/Update/Main.py", line 126, in Check
    await self.Run()
          ^^^^^^^^^^
  File "/home/vladvons/Projects/py/py-vMonit/src/Task/Update/Main.py", line 109, in Run
    if (self.Process.poll()):
        ^^^^^^^^^^^^^^^^^
AttributeError: 'NoneType' object has no attribute 'poll'
, 'NoneType' object has no attribute 'poll'
2024-09-13, 20:41:53, 5, 1, i, End. Time 5.88
2024-09-13, 20:42:17, 1, 1, i, os: Linux, 6.8.0-40-generic, x86_64, python: (3, 12, 5), uptime: 1 days, 3 hours
2024-09-13, 20:42:17, 2, 1, i, Run() vMonit
2024-09-13, 20:42:17, 3, 1, i, Add task Update
2024-09-13, 20:42:21, 4, 1, x, TTask.Run()
Traceback (most recent call last):
  File "/home/vladvons/Projects/py/py-vMonit/src/Task/Main.py", line 30, in Run
    await Plugin.Run()
  File "/home/vladvons/Projects/py/py-vMonit/src/Inc/PluginTask.py", line 75, in Run
    await asyncio.gather(*Tasks)
  File "/home/vladvons/Projects/py/py-vMonit/src/Task/Update/Main.py", line 141, in Run
    await xApp.Check()
  File "/home/vladvons/Projects/py/py-vMonit/src/Task/Update/Main.py", line 126, in Check
    await self.Run()
TypeError: object NoneType can't be used in 'await' expression
, object NoneType can't be used in 'await' expression
2024-09-13, 20:42:21, 5, 1, i, End. Time 4.55
2024-09-13, 20:42:30, 1, 1, i, os: Linux, 6.8.0-40-generic, x86_64, python: (3, 12, 5), uptime: 1 days, 3 hours
2024-09-13, 20:42:30, 2, 1, i, Run() vMonit
2024-09-13, 20:42:31, 3, 1, i, Add task Update
2024-09-13, 20:42:42, 1, 1, i, os: Linux, 6.8.0-40-generic, x86_64, python: (3, 12, 5), uptime: 1 days, 3 hours
2024-09-13, 20:42:42, 2, 1, i, Run() vMonit
2024-09-13, 20:42:43, 3, 1, i, Add task Update
2024-09-13, 20:43:10, 1, 1, i, os: Linux, 6.8.0-40-generic, x86_64, python: (3, 12, 5), uptime: 1 days, 3 hours
2024-09-13, 20:43:10, 2, 1, i, Run() vMonit
2024-09-13, 20:43:10, 3, 1, i, Add task Update
2024-09-13, 20:45:05, 1, 1, i, os: Linux, 6.8.0-40-generic, x86_64, python: (3, 12, 5), uptime: 1 days, 3 hours
2024-09-13, 20:45:05, 2, 1, i, Run() vMonit
2024-09-13, 20:45:06, 3, 1, i, Add task Update
2024-09-13, 20:52:58, 1, 1, i, os: Linux, 6.8.0-40-generic, x86_64, python: (3, 12, 5), uptime: 1 days, 3 hours
2024-09-13, 20:52:58, 2, 1, i, Run() vMonit
2024-09-13, 20:52:58, 3, 1, i, Add task Update
2024-09-13, 20:54:39, 1, 1, i, os: Linux, 6.8.0-40-generic, x86_64, python: (3, 12, 5), uptime: 1 days, 3 hours
2024-09-13, 20:54:39, 2, 1, i, Run() vMonit
2024-09-13, 20:54:39, 3, 1, i, Add task Update
2024-09-13, 20:54:45, 4, 1, i, Running ['/home/vladvons/Projects/py/test1/ping.sh']
2024-09-13, 20:56:47, 1, 1, i, os: Linux, 6.8.0-40-generic, x86_64, python: (3, 12, 5), uptime: 1 days, 3 hours
2024-09-13, 20:56:47, 2, 1, i, Run() vMonit
2024-09-13, 20:56:48, 3, 1, i, Add task Update
2024-09-13, 20:56:58, 4, 1, x, TTask.Run()
Traceback (most recent call last):
  File "/home/vladvons/Projects/py/py-vMonit/src/Task/Main.py", line 30, in Run
    await Plugin.Run()
  File "/home/vladvons/Projects/py/py-vMonit/src/Inc/PluginTask.py", line 75, in Run
    await asyncio.gather(*Tasks)
  File "/home/vladvons/Projects/py/py-vMonit/src/Task/Update/Main.py", line 147, in Run
    await xApp.Check()
  File "/home/vladvons/Projects/py/py-vMonit/src/Task/Update/Main.py", line 132, in Check
    await self.Run()
  File "/home/vladvons/Projects/py/py-vMonit/src/Task/Update/Main.py", line 112, in Run
    if (not self.Process.poll()):
            ^^^^^^^^^^^^^^^^^
AttributeError: 'NoneType' object has no attribute 'poll'
, 'NoneType' object has no attribute 'poll'
2024-09-13, 20:56:59, 5, 1, i, End. Time 11.72
2024-09-13, 20:57:21, 1, 1, i, os: Linux, 6.8.0-40-generic, x86_64, python: (3, 12, 5), uptime: 1 days, 3 hours
2024-09-13, 20:57:21, 2, 1, i, Run() vMonit
2024-09-13, 20:57:22, 3, 1, i, Add task Update
2024-09-13, 20:57:26, 4, 1, x, TTask.Run()
Traceback (most recent call last):
  File "/home/vladvons/Projects/py/py-vMonit/src/Task/Main.py", line 30, in Run
    await Plugin.Run()
  File "/home/vladvons/Projects/py/py-vMonit/src/Inc/PluginTask.py", line 75, in Run
    await asyncio.gather(*Tasks)
  File "/home/vladvons/Projects/py/py-vMonit/src/Task/Update/Main.py", line 147, in Run
    await xApp.Check()
  File "/home/vladvons/Projects/py/py-vMonit/src/Task/Update/Main.py", line 132, in Check
    await self.Run()
  File "/home/vladvons/Projects/py/py-vMonit/src/Task/Update/Main.py", line 112, in Run
    if (not self.Process.poll()):
            ^^^^^^^^^^^^^^^^^
AttributeError: 'NoneType' object has no attribute 'poll'
, 'NoneType' object has no attribute 'poll'
2024-09-13, 20:57:26, 5, 1, i, End. Time 4.59
2024-09-13, 20:58:23, 1, 1, i, os: Linux, 6.8.0-40-generic, x86_64, python: (3, 12, 5), uptime: 1 days, 3 hours
2024-09-13, 20:58:23, 2, 1, i, Run() vMonit
2024-09-13, 20:58:24, 3, 1, i, Add task Update
2024-09-13, 20:58:30, 4, 1, i, Running ['/home/vladvons/Projects/py/test1/ping.sh']
2024-09-13, 21:06:44, 1, 1, i, os: Linux, 6.8.0-40-generic, x86_64, python: (3, 12, 5), uptime: 1 days, 3 hours
2024-09-13, 21:06:44, 2, 1, i, Run() vMonit
2024-09-13, 21:06:45, 3, 1, i, Add task Update
2024-09-13, 21:06:50, 4, 1, i, Running ['/home/vladvons/Projects/py/test1/ping.sh']
2024-09-13, 21:13:26, 1, 1, i, os: Linux, 6.8.0-40-generic, x86_64, python: (3, 12, 5), uptime: 1 days, 3 hours
2024-09-13, 21:13:26, 2, 1, i, Run() vMonit
2024-09-13, 21:13:27, 3, 1, i, Add task Update
2024-09-13, 21:13:32, 1, 1, i, os: Linux, 6.8.0-40-generic, x86_64, python: (3, 12, 5), uptime: 1 days, 3 hours
2024-09-13, 21:13:32, 2, 1, i, Run() vMonit
2024-09-13, 21:13:32, 3, 1, i, Add task Update
2024-09-13, 21:16:30, 1, 1, i, os: Linux, 6.8.0-40-generic, x86_64, python: (3, 12, 5), uptime: 1 days, 3 hours
2024-09-13, 21:16:30, 2, 1, i, Run() vMonit
2024-09-13, 21:16:30, 3, 1, i, Add task Update
2024-09-13, 21:16:38, 4, 1, i, Running ['/home/vladvons/Projects/py/test1/ping.sh']
2024-09-13, 21:19:20, 1, 1, i, os: Linux, 6.8.0-40-generic, x86_64, python: (3, 12, 5), uptime: 1 days, 3 hours
2024-09-13, 21:19:20, 2, 1, i, Run() vMonit
2024-09-13, 21:19:20, 3, 1, i, Add task Update
2024-09-13, 21:19:42, 4, 1, i, Running ['/home/vladvons/Projects/py/test1/ping.sh']
2024-09-13, 21:22:37, 1, 1, i, os: Linux, 6.8.0-40-generic, x86_64, python: (3, 12, 5), uptime: 1 days, 3 hours
2024-09-13, 21:22:37, 2, 1, i, Run() vMonit
2024-09-13, 21:22:38, 3, 1, i, Add task Update
2024-09-13, 21:22:47, 4, 1, i, Running ['/home/vladvons/Projects/py/test1/ping.sh']
2024-09-13, 21:23:35, 5, 1, i, Running ['/home/vladvons/Projects/py/test1/ping.sh']
2024-09-13, 21:24:17, 6, 1, i, Running ['/home/vladvons/Projects/py/test1/ping.sh']
2024-09-13, 21:25:03, 1, 1, i, os: Linux, 6.8.0-40-generic, x86_64, python: (3, 12, 5), uptime: 1 days, 3 hours
2024-09-13, 21:25:03, 2, 1, i, Run() vMonit
2024-09-13, 21:25:04, 3, 1, i, Add task Update
2024-09-13, 21:25:19, 4, 1, i, Running ['/home/vladvons/Projects/py/test1/ping.sh']
2024-09-13, 21:26:33, 1, 1, i, os: Linux, 6.8.0-40-generic, x86_64, python: (3, 12, 5), uptime: 1 days, 3 hours
2024-09-13, 21:26:33, 2, 1, i, Run() vMonit
2024-09-13, 21:26:34, 3, 1, i, Add task Update
2024-09-13, 21:26:34, 4, 1, i, Running ['/home/vladvons/Projects/py/test1/ping.sh']
2024-09-13, 21:26:45, 1, 1, i, os: Linux, 6.8.0-40-generic, x86_64, python: (3, 12, 5), uptime: 1 days, 3 hours
2024-09-13, 21:26:45, 2, 1, i, Run() vMonit
2024-09-13, 21:26:45, 3, 1, i, Add task Update
2024-09-13, 21:27:13, 4, 1, i, Running ['/home/vladvons/Projects/py/test1/ping.sh']
2024-09-13, 21:29:15, 5, 1, i, Running ['/home/vladvons/Projects/py/test1/ping.sh']
2024-09-13, 21:29:23, 1, 1, i, os: Linux, 6.8.0-40-generic, x86_64, python: (3, 12, 5), uptime: 1 days, 3 hours
2024-09-13, 21:29:23, 2, 1, i, Run() vMonit
2024-09-13, 21:29:24, 3, 1, i, Add task Update
2024-09-13, 21:29:32, 4, 1, i, Running ['/home/vladvons/Projects/py/test1/ping.sh']
2024-09-13, 21:30:32, 5, 1, i, Running ['/home/vladvons/Projects/py/test1/ping.sh']
2024-09-13, 22:13:38, 1, 1, i, os: Linux, 6.8.0-40-generic, x86_64, python: (3, 12, 5), uptime: 1 days, 4 hours
2024-09-13, 22:13:38, 2, 1, i, Run() vMonit
2024-09-13, 22:13:39, 3, 1, i, Add task Update
2024-09-13, 22:16:54, 1, 1, i, os: Linux, 6.8.0-40-generic, x86_64, python: (3, 12, 5), uptime: 1 days, 4 hours
2024-09-13, 22:16:54, 2, 1, i, Run() vMonit
2024-09-13, 22:16:55, 3, 1, i, Add task Update
2024-09-13, 22:17:36, 1, 1, i, os: Linux, 6.8.0-40-generic, x86_64, python: (3, 12, 5), uptime: 1 days, 4 hours
2024-09-13, 22:17:36, 2, 1, i, Run() vMonit
2024-09-13, 22:17:37, 3, 1, i, Add task Update
2024-09-13, 22:19:50, 1, 1, i, os: Linux, 6.8.0-40-generic, x86_64, python: (3, 12, 5), uptime: 1 days, 4 hours
2024-09-13, 22:19:50, 2, 1, i, Run() vMonit
2024-09-13, 22:19:51, 3, 1, i, Add task Update
2024-09-13, 22:20:19, 1, 1, i, os: Linux, 6.8.0-40-generic, x86_64, python: (3, 12, 5), uptime: 1 days, 4 hours
2024-09-13, 22:20:19, 2, 1, i, Run() vMonit
2024-09-13, 22:20:20, 3, 1, i, Add task Update
2024-09-13, 22:20:39, 1, 1, i, os: Linux, 6.8.0-40-generic, x86_64, python: (3, 12, 5), uptime: 1 days, 4 hours
2024-09-13, 22:20:39, 2, 1, i, Run() vMonit
2024-09-13, 22:20:40, 3, 1, i, Add task Update
2024-09-13, 22:20:47, 1, 1, i, os: Linux, 6.8.0-40-generic, x86_64, python: (3, 12, 5), uptime: 1 days, 4 hours
2024-09-13, 22:20:47, 2, 1, i, Run() vMonit
2024-09-13, 22:20:48, 3, 1, i, Add task Update
2024-09-13, 22:25:12, 1, 1, i, os: Linux, 6.8.0-40-generic, x86_64, python: (3, 12, 5), uptime: 1 days, 4 hours
2024-09-13, 22:25:12, 2, 1, i, Run() vMonit
2024-09-13, 22:25:12, 3, 1, i, Add task Update
2024-09-13, 22:25:34, 1, 1, i, os: Linux, 6.8.0-40-generic, x86_64, python: (3, 12, 5), uptime: 1 days, 4 hours
2024-09-13, 22:25:34, 2, 1, i, Run() vMonit
2024-09-13, 22:25:35, 3, 1, i, Add task Update
2024-09-13, 22:28:17, 1, 1, i, os: Linux, 6.8.0-40-generic, x86_64, python: (3, 12, 5), uptime: 1 days, 4 hours
2024-09-13, 22:28:17, 2, 1, i, Run() vMonit
2024-09-13, 22:28:18, 3, 1, i, Add task Update
2024-09-13, 22:28:45, 1, 1, i, os: Linux, 6.8.0-40-generic, x86_64, python: (3, 12, 5), uptime: 1 days, 4 hours
2024-09-13, 22:28:45, 2, 1, i, Run() vMonit
2024-09-13, 22:28:46, 3, 1, i, Add task Update
2024-09-13, 22:29:16, 1, 1, i, os: Linux, 6.8.0-40-generic, x86_64, python: (3, 12, 5), uptime: 1 days, 4 hours
2024-09-13, 22:29:16, 2, 1, i, Run() vMonit
2024-09-13, 22:29:17, 3, 1, i, Add task Update
2024-09-13, 22:31:06, 1, 1, i, os: Linux, 6.8.0-40-generic, x86_64, python: (3, 12, 5), uptime: 1 days, 4 hours
2024-09-13, 22:31:06, 2, 1, i, Run() vMonit
2024-09-13, 22:31:06, 3, 1, i, Add task Update
2024-09-13, 22:35:16, 1, 1, i, os: Linux, 6.8.0-40-generic, x86_64, python: (3, 12, 5), uptime: 1 days, 5 hours
2024-09-13, 22:35:16, 2, 1, i, Run() vMonit
2024-09-13, 22:35:16, 3, 1, i, Add task Update
2024-09-13, 22:35:16, 4, 1, x, TTask.Run()
Traceback (most recent call last):
  File "/home/vladvons/Projects/py/py-vMonit/src/Task/Main.py", line 30, in Run
    await Plugin.Run()
  File "/home/vladvons/Projects/py/py-vMonit/src/Inc/PluginTask.py", line 75, in Run
    await asyncio.gather(*Tasks)
  File "/home/vladvons/Projects/py/py-vMonit/src/Task/Update/Main.py", line 155, in Run
    App = TApp(xApp)
          ^^^^^^^^^^
  File "/home/vladvons/Projects/py/py-vMonit/src/Task/Update/Main.py", line 37, in __init__
    self.Chekers = self.GetChekers()
                   ^^^^^^^^^^^^^^^
AttributeError: 'TApp' object has no attribute 'GetChekers'
, 'TApp' object has no attribute 'GetChekers'
2024-09-13, 22:35:17, 5, 1, i, End. Time 1.14
2024-09-13, 22:35:34, 1, 1, i, os: Linux, 6.8.0-40-generic, x86_64, python: (3, 12, 5), uptime: 1 days, 5 hours
2024-09-13, 22:35:34, 2, 1, i, Run() vMonit
2024-09-13, 22:35:35, 3, 1, i, Add task Update
2024-09-13, 22:38:00, 1, 1, i, os: Linux, 6.8.0-40-generic, x86_64, python: (3, 12, 5), uptime: 1 days, 5 hours
2024-09-13, 22:38:00, 2, 1, i, Run() vMonit
2024-09-13, 22:38:01, 3, 1, i, Add task Update
2024-09-13, 22:39:24, 1, 1, i, os: Linux, 6.8.0-40-generic, x86_64, python: (3, 12, 5), uptime: 1 days, 5 hours
2024-09-13, 22:39:24, 2, 1, i, Run() vMonit
2024-09-13, 22:39:25, 3, 1, i, Add task Update
2024-09-13, 22:40:10, 1, 1, i, os: Linux, 6.8.0-40-generic, x86_64, python: (3, 12, 5), uptime: 1 days, 5 hours
2024-09-13, 22:40:10, 2, 1, i, Run() vMonit
2024-09-13, 22:40:11, 3, 1, i, Add task Update
2024-09-13, 22:40:55, 4, 1, x, TTask.Run()
Traceback (most recent call last):
  File "/home/vladvons/Projects/py/py-vMonit/src/Task/Main.py", line 30, in Run
    await Plugin.Run()
  File "/home/vladvons/Projects/py/py-vMonit/src/Inc/PluginTask.py", line 75, in Run
    await asyncio.gather(*Tasks)
  File "/home/vladvons/Projects/py/py-vMonit/src/Task/Update/Main.py", line 162, in Run
    await xApp.Check()
  File "/home/vladvons/Projects/py/py-vMonit/src/Task/Update/Main.py", line 147, in Check
    await xVal['method']
TypeError: object method can't be used in 'await' expression
, object method can't be used in 'await' expression
2024-09-13, 22:40:56, 5, 1, i, End. Time 45.53
2024-09-13, 22:41:11, 1, 1, i, os: Linux, 6.8.0-40-generic, x86_64, python: (3, 12, 5), uptime: 1 days, 5 hours
2024-09-13, 22:41:11, 2, 1, i, Run() vMonit
2024-09-13, 22:41:12, 3, 1, i, Add task Update
2024-09-13, 22:44:21, 1, 1, i, os: Linux, 6.8.0-40-generic, x86_64, python: (3, 12, 5), uptime: 1 days, 5 hours
2024-09-13, 22:44:21, 2, 1, i, Run() vMonit
2024-09-13, 22:44:22, 3, 1, i, Add task Update
2024-09-13, 22:45:56, 1, 1, i, os: Linux, 6.8.0-40-generic, x86_64, python: (3, 12, 5), uptime: 1 days, 5 hours
2024-09-13, 22:45:56, 2, 1, i, Run() vMonit
2024-09-13, 22:45:57, 3, 1, i, Add task Update
2024-09-13, 22:46:20, 4, 1, i, Running ['/home/vladvons/Projects/py/test1/ping.sh']
2024-09-13, 22:59:53, 1, 1, i, os: Linux, 6.8.0-40-generic, x86_64, python: (3, 12, 5), uptime: 1 days, 5 hours
2024-09-13, 22:59:53, 2, 1, i, Run() vMonit
2024-09-13, 22:59:53, 3, 1, i, Add task Update
